<?xml version="1.0" encoding="UTF-8"?>
<testsuite name="ru.netology.rest.PostmanEchoTest" tests="1" skipped="0" failures="0" errors="0" timestamp="2023-12-11T18:14:37" hostname="TAIRA_LAPTOP" time="4.895">
  <properties/>
  <testcase name="shouldReturnSendData()" classname="ru.netology.rest.PostmanEchoTest" time="4.895"/>
  <system-out><![CDATA[]]></system-out>
  <system-err><![CDATA[]]></system-err>
</testsuite>
